e:\a.bài tập lớn\race\race\x64\debug\vc143.pdb
e:\a.bài tập lớn\race\race\x64\debug\vc143.idb
e:\a.bài tập lớn\race\race\x64\debug\timeobject.obj
e:\a.bài tập lớn\race\race\x64\debug\textobject.obj
e:\a.bài tập lớn\race\race\x64\debug\playgame.obj
e:\a.bài tập lớn\race\race\x64\debug\obstaclesobject.obj
e:\a.bài tập lớn\race\race\x64\debug\menu.obj
e:\a.bài tập lớn\race\race\x64\debug\main.obj
e:\a.bài tập lớn\race\race\x64\debug\howtoplay.obj
e:\a.bài tập lớn\race\race\x64\debug\hightscore.obj
e:\a.bài tập lớn\race\race\x64\debug\geomatric.obj
e:\a.bài tập lớn\race\race\x64\debug\functions.obj
e:\a.bài tập lớn\race\race\x64\debug\explosionobject.obj
e:\a.bài tập lớn\race\race\x64\debug\exitmenu.obj
e:\a.bài tập lớn\race\race\x64\debug\commanfunc.obj
e:\a.bài tập lớn\race\race\x64\debug\carobject.obj
e:\a.bài tập lớn\race\race\x64\debug\baseobject.obj
e:\a.bài tập lớn\race\race\x64\debug\race.exe
e:\a.bài tập lớn\race\race\x64\debug\race.ilk
e:\a.bài tập lớn\race\race\x64\debug\race.pdb
e:\a.bài tập lớn\race\race\x64\debug\race.tlog\cl.command.1.tlog
e:\a.bài tập lớn\race\race\x64\debug\race.tlog\cl.read.1.tlog
e:\a.bài tập lớn\race\race\x64\debug\race.tlog\cl.write.1.tlog
e:\a.bài tập lớn\race\race\x64\debug\race.tlog\link.command.1.tlog
e:\a.bài tập lớn\race\race\x64\debug\race.tlog\link.read.1.tlog
e:\a.bài tập lớn\race\race\x64\debug\race.tlog\link.write.1.tlog
